<?xml version="1.0" encoding="UTF-8"?>
<testsuite xmlns:xsi="http://www.w3.org/2001/XMLSchema-instance" xsi:noNamespaceSchemaLocation="https://maven.apache.org/surefire/maven-surefire-plugin/xsd/surefire-test-report.xsd" name="jsoup.JsoupAffectTest" time="0.548" tests="6" errors="5" skipped="0" failures="0">
  <properties>
[...]
</properties>
  <testcase name="testDOM" classname="jsoup.JsoupAffectTest" time="0.028">
    <error message="C:\Users\26762\Desktop\test.html (系统找不到指定的文件。)" type="java.io.FileNotFoundException">java.io.FileNotFoundException: C:\Users\26762\Desktop\test.html (系统找不到指定的文件。)
	at jsoup.JsoupAffectTest.testDOM(JsoupAffectTest.java:69)
</error>
  </testcase>
  <testcase name="testUrl" classname="jsoup.JsoupAffectTest" time="0.444"/>
  <testcase name="testData" classname="jsoup.JsoupAffectTest" time="0.002">
    <error message="C:\Users\26762\Desktop\test.html (系统找不到指定的文件。)" type="java.io.FileNotFoundException">java.io.FileNotFoundException: C:\Users\26762\Desktop\test.html (系统找不到指定的文件。)
	at jsoup.JsoupAffectTest.testData(JsoupAffectTest.java:104)
</error>
  </testcase>
  <testcase name="testFile" classname="jsoup.JsoupAffectTest" time="0.002">
    <error message="C:\Users\26762\Desktop\test.html (系统找不到指定的文件。)" type="java.io.FileNotFoundException">java.io.FileNotFoundException: C:\Users\26762\Desktop\test.html (系统找不到指定的文件。)
	at jsoup.JsoupAffectTest.testFile(JsoupAffectTest.java:50)
</error>
  </testcase>
  <testcase name="testText" classname="jsoup.JsoupAffectTest" time="0.018">
    <error message="File &apos;C:\Users\26762\Desktop\test.html&apos; does not exist" type="java.io.FileNotFoundException">java.io.FileNotFoundException: File 'C:\Users\26762\Desktop\test.html' does not exist
	at jsoup.JsoupAffectTest.testText(JsoupAffectTest.java:38)
</error>
  </testcase>
  <testcase name="testSelector" classname="jsoup.JsoupAffectTest" time="0">
    <error message="C:\Users\26762\Desktop\test.html (系统找不到指定的文件。)" type="java.io.FileNotFoundException">java.io.FileNotFoundException: C:\Users\26762\Desktop\test.html (系统找不到指定的文件。)
	at jsoup.JsoupAffectTest.testSelector(JsoupAffectTest.java:146)
</error>
  </testcase>
</testsuite>