<?xml version="1.0" encoding="UTF-8"?>
<testsuite xmlns:xsi="http://www.w3.org/2001/XMLSchema-instance" xsi:noNamespaceSchemaLocation="https://maven.apache.org/surefire/maven-surefire-plugin/xsd/surefire-test-report.xsd" name="com.hc.test.UsersTest" time="0.812" tests="14" errors="0" skipped="0" failures="0">
  <properties>
[...]
</properties>
  <testcase name="testCache" classname="com.hc.test.UsersTest" time="0.084"/>
  <testcase name="testFindUserById" classname="com.hc.test.UsersTest" time="0.047"/>
  <testcase name="testDelete" classname="com.hc.test.UsersTest" time="0.049"/>
  <testcase name="testInsert" classname="com.hc.test.UsersTest" time="0.065"/>
  <testcase name="testInsert1" classname="com.hc.test.UsersTest" time="0.061"/>
  <testcase name="testSelect2" classname="com.hc.test.UsersTest" time="0.078"/>
  <testcase name="testSelect3" classname="com.hc.test.UsersTest" time="0.093"/>
  <testcase name="testSelect4" classname="com.hc.test.UsersTest" time="0.048"/>
  <testcase name="testSelect5" classname="com.hc.test.UsersTest" time="0.04"/>
  <testcase name="testSelect6" classname="com.hc.test.UsersTest" time="0.028"/>
  <testcase name="testSelect7" classname="com.hc.test.UsersTest" time="0.049"/>
  <testcase name="testSelect8" classname="com.hc.test.UsersTest" time="0.046"/>
  <testcase name="testSelect" classname="com.hc.test.UsersTest" time="0.092"/>
  <testcase name="testUpdate" classname="com.hc.test.UsersTest" time="0.032"/>
</testsuite>